%このファイルは日本語文字を含みます.
\BOOKMARK [0][-]{chapter.1}{Mermaid integration}{}% 1
\BOOKMARK [0][-]{chapter.2}{Jupyter integration}{}% 2
\BOOKMARK [1][-]{section.2.1}{Example notebook}{chapter.2}% 3
\BOOKMARK [0][-]{chapter.3}{Use markdown}{}% 4
\BOOKMARK [1][-]{section.3.1}{Markdown Basic Syntax}{chapter.3}% 5
\BOOKMARK [2][-]{subsection.3.1.1}{Headings}{section.3.1}% 6
\BOOKMARK [0][-]{chapter.4}{Modules}{}% 7
\BOOKMARK [1][-]{section.4.1}{package}{chapter.4}% 8
\BOOKMARK [2][-]{subsection.4.1.1}{package package}{section.4.1}% 9
\BOOKMARK [3][-]{subsubsection*.3}{Subpackages}{subsection.4.1.1}% 10
\BOOKMARK [4][-]{paragraph*.4}{package.common package}{subsubsection*.3}% 11
\BOOKMARK [5][-]{subparagraph*.5}{Submodules}{paragraph*.4}% 12
\BOOKMARK [5][-]{subparagraph*.6}{package.common.cache\137tools module}{paragraph*.4}% 13
\BOOKMARK [5][-]{subparagraph*.11}{package.common.modelCV module}{paragraph*.4}% 14
\BOOKMARK [5][-]{subparagraph*.31}{package.common.timer module}{paragraph*.4}% 15
\BOOKMARK [5][-]{subparagraph*.33}{Module contents}{paragraph*.4}% 16
\BOOKMARK [4][-]{paragraph*.34}{package.module1 package}{subsubsection*.3}% 17
\BOOKMARK [5][-]{subparagraph*.35}{Subpackages}{paragraph*.34}% 18
\BOOKMARK [5][-]{subparagraph*.36}{package.module1.tests package}{paragraph*.34}% 19
\BOOKMARK [5][-]{subparagraph*.37}{Submodules}{paragraph*.34}% 20
\BOOKMARK [5][-]{subparagraph*.38}{package.module1.tests.test\137api module}{paragraph*.34}% 21
\BOOKMARK [5][-]{subparagraph*.39}{Module contents}{paragraph*.34}% 22
\BOOKMARK [5][-]{subparagraph*.40}{Submodules}{paragraph*.34}% 23
\BOOKMARK [5][-]{subparagraph*.41}{package.module1.api module}{paragraph*.34}% 24
\BOOKMARK [5][-]{subparagraph*.43}{package.module1.config module}{paragraph*.34}% 25
\BOOKMARK [5][-]{subparagraph*.47}{package.module1.main module}{paragraph*.34}% 26
\BOOKMARK [5][-]{subparagraph*.48}{package.module1.models module}{paragraph*.34}% 27
\BOOKMARK [5][-]{subparagraph*.49}{package.module1.postprocess module}{paragraph*.34}% 28
\BOOKMARK [5][-]{subparagraph*.50}{package.module1.preprocess module}{paragraph*.34}% 29
\BOOKMARK [5][-]{subparagraph*.51}{Module contents}{paragraph*.34}% 30
\BOOKMARK [3][-]{subsubsection*.52}{Submodules}{subsection.4.1.1}% 31
\BOOKMARK [4][-]{paragraph*.53}{package.constants module}{subsubsection*.52}% 32
\BOOKMARK [4][-]{paragraph*.64}{package.exceptions module}{subsubsection*.52}% 33
\BOOKMARK [4][-]{paragraph*.66}{package.main module}{subsubsection*.52}% 34
\BOOKMARK [4][-]{paragraph*.68}{package.sub module}{subsubsection*.52}% 35
\BOOKMARK [3][-]{subsubsection*.70}{Module contents}{subsection.4.1.1}% 36
\BOOKMARK [0][-]{section*.71}{Pythonモジュール索引}{}% 37
\BOOKMARK [0][-]{section*.72}{索引}{}% 38
